sample.interval=20000
".Call" "doTryCatch" "tryCatchOne" "tryCatchList" "tryCatch" "<Anonymous>" 
".Call" "doTryCatch" "tryCatchOne" "tryCatchList" "tryCatch" "<Anonymous>" 
".External2" "plot.new" "plot.default" "graphics::plot" "plot.aprof" "plot" 
"int_abline" "graphics::abline" "PlotSourceCode" "plot.aprof" "plot" 
"text.default" "graphics::text" "PlotSourceCode" "plot.aprof" "plot" 
"save" "<Anonymous>" 
".Call" "doTryCatch" "tryCatchOne" "tryCatchList" "tryCatch" "<Anonymous>" 
".Call" "doTryCatch" "tryCatchOne" "tryCatchList" "tryCatch" "<Anonymous>" 
".Call" "doTryCatch" "tryCatchOne" "tryCatchList" "tryCatch" "<Anonymous>" 
".External" "<Anonymous>" 
".External" "<Anonymous>" 
".Call" "doTryCatch" "tryCatchOne" "tryCatchList" "tryCatch" "<Anonymous>" 
".Call" "doTryCatch" "tryCatchOne" "tryCatchList" "tryCatch" "<Anonymous>" 
".External" "<Anonymous>" 
".External" "<Anonymous>" 
".External" "<Anonymous>" 
".External" "<Anonymous>" 
".Call" "doTryCatch" "tryCatchOne" "tryCatchList" "tryCatch" "<Anonymous>" 
".Call" "doTryCatch" "tryCatchOne" "tryCatchList" "tryCatch" "<Anonymous>" 
".External" "<Anonymous>" 
".External" "<Anonymous>" 
"gc" "closeAllConnections" "sys.save.image" 
"gc" "closeAllConnections" "sys.save.image" 
"gc" "closeAllConnections" "sys.save.image" 
"gc" "closeAllConnections" "sys.save.image" 
"gc" "closeAllConnections" "sys.save.image" 
"gc" "closeAllConnections" "sys.save.image" 
